<?xml version="1.0" encoding="UTF-8"?>
<!-- Generated by org.testng.reporters.JUnitReportReporter -->
<testsuite hostname="LAPTOP-OE94DKF4" failures="0" tests="1" name="scripts.Testcase3" time="55.380" errors="0" timestamp="2022-09-12T21:12:25 IST" skipped="0">
  <testcase classname="scripts.Testcase3" name="tc3" time="55.380"/>
  <system-out/>
</testsuite> <!-- scripts.Testcase3 -->
